<?xml version="1.0" encoding="UTF-8"?>
<testng-results ignored="0" total="2" passed="1" failed="1" skipped="0">
  <reporter-output>
  </reporter-output>
  <suite started-at="2024-07-15T17:14:47 IST" name="Parallel Suite" finished-at="2024-07-15T17:15:38 IST" duration-ms="50272">
    <groups>
    </groups>
    <test started-at="2024-07-15T17:14:47 IST" name="Parallel Tests" finished-at="2024-07-15T17:15:38 IST" duration-ms="50272">
      <class name="testng.web.tests.Page1Test">
        <test-method is-config="true" signature="beforeSuite()[pri:0, instance:testng.web.tests.Page1Test@2dde1bff]" started-at="2024-07-15T17:14:48 IST" name="beforeSuite" finished-at="2024-07-15T17:14:48 IST" duration-ms="205" status="PASS">
          <reporter-output>
          </reporter-output>
        </test-method> <!-- beforeSuite -->
        <test-method is-config="true" signature="initiateBrowser(org.testng.ITestResult)[pri:0, instance:testng.web.tests.Page1Test@2dde1bff]" started-at="2024-07-15T17:14:48 IST" name="initiateBrowser" finished-at="2024-07-15T17:14:52 IST" duration-ms="4208" status="PASS">
          <params>
            <param index="0">
              <value>
                <![CDATA[[TestResult name={null} status=CREATED method=Page1Test.program1()[pri:0, instance:testng.web.tests.Page1Test@2dde1bff] output={null}]]]>
              </value>
            </param>
          </params>
          <reporter-output>
          </reporter-output>
        </test-method> <!-- initiateBrowser -->
        <test-method is-config="true" signature="initiateBrowser(org.testng.ITestResult)[pri:0, instance:testng.web.tests.Page1Test@2dde1bff]" started-at="2024-07-15T17:14:48 IST" name="initiateBrowser" finished-at="2024-07-15T17:14:52 IST" duration-ms="4404" status="PASS">
          <params>
            <param index="0">
              <value>
                <![CDATA[[TestResult name={null} status=CREATED method=Page1Test.program2()[pri:0, instance:testng.web.tests.Page1Test@2dde1bff] output={null}]]]>
              </value>
            </param>
          </params>
          <reporter-output>
          </reporter-output>
        </test-method> <!-- initiateBrowser -->
        <test-method is-config="true" signature="setUp(org.testng.ITestResult)[pri:0, instance:testng.web.tests.Page1Test@2dde1bff]" started-at="2024-07-15T17:14:52 IST" name="setUp" finished-at="2024-07-15T17:14:52 IST" duration-ms="32" status="PASS">
          <params>
            <param index="0">
              <value>
                <![CDATA[[TestResult name={null} status=CREATED method=Page1Test.program1()[pri:0, instance:testng.web.tests.Page1Test@2dde1bff] output={null}]]]>
              </value>
            </param>
          </params>
          <reporter-output>
          </reporter-output>
        </test-method> <!-- setUp -->
        <test-method signature="program1()[pri:0, instance:testng.web.tests.Page1Test@2dde1bff]" started-at="2024-07-15T17:14:52 IST" name="program1" finished-at="2024-07-15T17:14:52 IST" duration-ms="92" status="PASS">
          <reporter-output>
          </reporter-output>
        </test-method> <!-- program1 -->
        <test-method is-config="true" signature="quitAll(org.testng.ITestResult)[pri:0, instance:testng.web.tests.Page1Test@2dde1bff]" started-at="2024-07-15T17:14:52 IST" name="quitAll" finished-at="2024-07-15T17:14:52 IST" duration-ms="0" status="PASS">
          <params>
            <param index="0">
              <value>
                <![CDATA[[TestResult name=program1 status=SUCCESS method=Page1Test.program1()[pri:0, instance:testng.web.tests.Page1Test@2dde1bff] output={null}]]]>
              </value>
            </param>
          </params>
          <reporter-output>
          </reporter-output>
        </test-method> <!-- quitAll -->
        <test-method is-config="true" signature="tearDown(org.testng.ITestResult)[pri:0, instance:testng.web.tests.Page1Test@2dde1bff]" started-at="2024-07-15T17:14:52 IST" name="tearDown" finished-at="2024-07-15T17:14:52 IST" duration-ms="159" status="PASS">
          <params>
            <param index="0">
              <value>
                <![CDATA[[TestResult name=program1 status=SUCCESS method=Page1Test.program1()[pri:0, instance:testng.web.tests.Page1Test@2dde1bff] output={null}]]]>
              </value>
            </param>
          </params>
          <reporter-output>
          </reporter-output>
        </test-method> <!-- tearDown -->
        <test-method is-config="true" signature="setUp(org.testng.ITestResult)[pri:0, instance:testng.web.tests.Page1Test@2dde1bff]" started-at="2024-07-15T17:14:52 IST" name="setUp" finished-at="2024-07-15T17:14:52 IST" duration-ms="1" status="PASS">
          <params>
            <param index="0">
              <value>
                <![CDATA[[TestResult name={null} status=CREATED method=Page1Test.program2()[pri:0, instance:testng.web.tests.Page1Test@2dde1bff] output={null}]]]>
              </value>
            </param>
          </params>
          <reporter-output>
          </reporter-output>
        </test-method> <!-- setUp -->
        <test-method signature="program2()[pri:0, instance:testng.web.tests.Page1Test@2dde1bff]" started-at="2024-07-15T17:14:52 IST" name="program2" finished-at="2024-07-15T17:15:37 IST" duration-ms="45065" status="FAIL">
          <exception class="org.openqa.selenium.NoSuchElementException">
            <message>
              <![CDATA[no such element: Unable to locate element: {"method":"xpath","selector":"//*[@alt='Googe']"}
  (Session info: chrome=126.0.6478.127)
For documentation on this error, please visit: https://www.seleniumhq.org/exceptions/no_such_element.html
Build info: version: '3.141.59', revision: 'e82be7d358', time: '2018-11-14T08:17:03'
System info: host: 'DESKTOP-3LPL4S7', ip: '192.168.29.29', os.name: 'Windows 11', os.arch: 'amd64', os.version: '10.0', java.version: '17.0.8'
Driver info: org.openqa.selenium.chrome.ChromeDriver
Capabilities {acceptInsecureCerts: false, browserName: chrome, browserVersion: 126.0.6478.127, chrome: {chromedriverVersion: 126.0.6478.126 (d36ace6122e..., userDataDir: C:\Users\Quali\AppData\Loca...}, fedcm:accounts: true, goog:chromeOptions: {debuggerAddress: localhost:53108}, javascriptEnabled: true, networkConnectionEnabled: false, pageLoadStrategy: normal, platform: WINDOWS, platformName: WINDOWS, proxy: Proxy(), setWindowRect: true, strictFileInteractability: false, timeouts: {implicit: 0, pageLoad: 300000, script: 30000}, unhandledPromptBehavior: dismiss and notify, webauthn:extension:credBlob: true, webauthn:extension:largeBlob: true, webauthn:extension:minPinLength: true, webauthn:extension:prf: true, webauthn:virtualAuthenticators: true}
Session ID: ac1ee6bc6ad38f02e020eebe50525a3f
*** Element info: {Using=xpath, value=//*[@alt='Googe']}]]>
            </message>
            <full-stacktrace>
              <![CDATA[org.openqa.selenium.NoSuchElementException: no such element: Unable to locate element: {"method":"xpath","selector":"//*[@alt='Googe']"}
  (Session info: chrome=126.0.6478.127)
For documentation on this error, please visit: https://www.seleniumhq.org/exceptions/no_such_element.html
Build info: version: '3.141.59', revision: 'e82be7d358', time: '2018-11-14T08:17:03'
System info: host: 'DESKTOP-3LPL4S7', ip: '192.168.29.29', os.name: 'Windows 11', os.arch: 'amd64', os.version: '10.0', java.version: '17.0.8'
Driver info: org.openqa.selenium.chrome.ChromeDriver
Capabilities {acceptInsecureCerts: false, browserName: chrome, browserVersion: 126.0.6478.127, chrome: {chromedriverVersion: 126.0.6478.126 (d36ace6122e..., userDataDir: C:\Users\Quali\AppData\Loca...}, fedcm:accounts: true, goog:chromeOptions: {debuggerAddress: localhost:53108}, javascriptEnabled: true, networkConnectionEnabled: false, pageLoadStrategy: normal, platform: WINDOWS, platformName: WINDOWS, proxy: Proxy(), setWindowRect: true, strictFileInteractability: false, timeouts: {implicit: 0, pageLoad: 300000, script: 30000}, unhandledPromptBehavior: dismiss and notify, webauthn:extension:credBlob: true, webauthn:extension:largeBlob: true, webauthn:extension:minPinLength: true, webauthn:extension:prf: true, webauthn:virtualAuthenticators: true}
Session ID: ac1ee6bc6ad38f02e020eebe50525a3f
*** Element info: {Using=xpath, value=//*[@alt='Googe']}
at java.base/jdk.internal.reflect.NativeConstructorAccessorImpl.newInstance0(Native Method)
at java.base/jdk.internal.reflect.NativeConstructorAccessorImpl.newInstance(NativeConstructorAccessorImpl.java:77)
at java.base/jdk.internal.reflect.DelegatingConstructorAccessorImpl.newInstance(DelegatingConstructorAccessorImpl.java:45)
at java.base/java.lang.reflect.Constructor.newInstanceWithCaller(Constructor.java:499)
at java.base/java.lang.reflect.Constructor.newInstance(Constructor.java:480)
at org.openqa.selenium.remote.http.W3CHttpResponseCodec.createException(W3CHttpResponseCodec.java:187)
at org.openqa.selenium.remote.http.W3CHttpResponseCodec.decode(W3CHttpResponseCodec.java:122)
at org.openqa.selenium.remote.http.W3CHttpResponseCodec.decode(W3CHttpResponseCodec.java:49)
at org.openqa.selenium.remote.HttpCommandExecutor.execute(HttpCommandExecutor.java:158)
at org.openqa.selenium.remote.service.DriverCommandExecutor.execute(DriverCommandExecutor.java:83)
at org.openqa.selenium.remote.RemoteWebDriver.execute(RemoteWebDriver.java:552)
at org.openqa.selenium.remote.RemoteWebDriver.findElement(RemoteWebDriver.java:323)
at org.openqa.selenium.remote.RemoteWebDriver.findElementByXPath(RemoteWebDriver.java:428)
at org.openqa.selenium.By$ByXPath.findElement(By.java:353)
at org.openqa.selenium.remote.RemoteWebDriver.findElement(RemoteWebDriver.java:315)
at testng.web.tests.Page1Test.program2(Page1Test.java:39)
at java.base/jdk.internal.reflect.NativeMethodAccessorImpl.invoke0(Native Method)
at java.base/jdk.internal.reflect.NativeMethodAccessorImpl.invoke(NativeMethodAccessorImpl.java:77)
at java.base/jdk.internal.reflect.DelegatingMethodAccessorImpl.invoke(DelegatingMethodAccessorImpl.java:43)
at java.base/java.lang.reflect.Method.invoke(Method.java:568)
at org.testng.internal.MethodInvocationHelper.invokeMethod(MethodInvocationHelper.java:134)
at org.testng.internal.TestInvoker.invokeMethod(TestInvoker.java:597)
at org.testng.internal.TestInvoker.invokeTestMethod(TestInvoker.java:173)
at org.testng.internal.MethodRunner.runInSequence(MethodRunner.java:46)
at org.testng.internal.TestInvoker$MethodInvocationAgent.invoke(TestInvoker.java:816)
at org.testng.internal.TestInvoker.invokeTestMethods(TestInvoker.java:146)
at org.testng.internal.TestMethodWorker.invokeTestMethods(TestMethodWorker.java:146)
at org.testng.internal.TestMethodWorker.run(TestMethodWorker.java:128)
at java.base/java.util.concurrent.ThreadPoolExecutor.runWorker(ThreadPoolExecutor.java:1136)
at java.base/java.util.concurrent.ThreadPoolExecutor$Worker.run(ThreadPoolExecutor.java:635)
at java.base/java.lang.Thread.run(Thread.java:833)
]]>
            </full-stacktrace>
          </exception> <!-- org.openqa.selenium.NoSuchElementException -->
          <reporter-output>
          </reporter-output>
        </test-method> <!-- program2 -->
        <test-method is-config="true" signature="quitAll(org.testng.ITestResult)[pri:0, instance:testng.web.tests.Page1Test@2dde1bff]" started-at="2024-07-15T17:15:37 IST" name="quitAll" finished-at="2024-07-15T17:15:37 IST" duration-ms="0" status="PASS">
          <params>
            <param index="0">
              <value>
                <![CDATA[[TestResult name=program2 status=FAILURE method=Page1Test.program2()[pri:0, instance:testng.web.tests.Page1Test@2dde1bff] output={null}]]]>
              </value>
            </param>
          </params>
          <reporter-output>
          </reporter-output>
        </test-method> <!-- quitAll -->
        <test-method is-config="true" signature="tearDown(org.testng.ITestResult)[pri:0, instance:testng.web.tests.Page1Test@2dde1bff]" started-at="2024-07-15T17:15:37 IST" name="tearDown" finished-at="2024-07-15T17:15:38 IST" duration-ms="360" status="PASS">
          <params>
            <param index="0">
              <value>
                <![CDATA[[TestResult name=program2 status=FAILURE method=Page1Test.program2()[pri:0, instance:testng.web.tests.Page1Test@2dde1bff] output={null}]]]>
              </value>
            </param>
          </params>
          <reporter-output>
          </reporter-output>
        </test-method> <!-- tearDown -->
        <test-method is-config="true" signature="flushReportsAfterClass()[pri:0, instance:testng.web.tests.Page1Test@2dde1bff]" started-at="2024-07-15T17:15:38 IST" name="flushReportsAfterClass" finished-at="2024-07-15T17:15:38 IST" duration-ms="208" status="PASS">
          <reporter-output>
          </reporter-output>
        </test-method> <!-- flushReportsAfterClass -->
      </class> <!-- testng.web.tests.Page1Test -->
    </test> <!-- Parallel Tests -->
  </suite> <!-- Parallel Suite -->
</testng-results>
